{"C:\\Users\\sterm\\OneDrive\\Escritorio\\Despliegue\\10-calendar\\src\\api\\calendarApi.js": {"path":"C:\\Users\\sterm\\OneDrive\\Escritorio\\Despliegue\\10-calendar\\src\\api\\calendarApi.js","statementMap":{"0":{"start":{"line":4,"column":25},"end":{"line":4,"column":42}},"1":{"start":{"line":6,"column":20},"end":{"line":8,"column":2}},"2":{"start":{"line":11,"column":0},"end":{"line":18,"column":3}},"3":{"start":{"line":13,"column":4},"end":{"line":16,"column":5}},"4":{"start":{"line":17,"column":4},"end":{"line":17,"column":18}}},"fnMap":{"0":{"name":"(anonymous_0)","decl":{"start":{"line":11,"column":38},"end":{"line":11,"column":39}},"loc":{"start":{"line":11,"column":48},"end":{"line":18,"column":1}},"line":11}},"branchMap":{},"s":{"0":7,"1":7,"2":7,"3":6,"4":6},"f":{"0":6},"b":{},"_coverageSchema":"1a1c01bbd47fc00a2c39e90264f33305004495a9","hash":"f07736e70a2188f2d466280baf7462a07a671fea"}
,"C:\\Users\\sterm\\OneDrive\\Escritorio\\Despliegue\\10-calendar\\src\\api\\index.js": {"path":"C:\\Users\\sterm\\OneDrive\\Escritorio\\Despliegue\\10-calendar\\src\\api\\index.js","statementMap":{},"fnMap":{},"branchMap":{},"s":{},"f":{},"b":{},"_coverageSchema":"1a1c01bbd47fc00a2c39e90264f33305004495a9","hash":"c0d1c2bf29b4b96ec1dbb84fc4bb292bb6037493"}
,"C:\\Users\\sterm\\OneDrive\\Escritorio\\Despliegue\\10-calendar\\src\\auth\\index.js": {"path":"C:\\Users\\sterm\\OneDrive\\Escritorio\\Despliegue\\10-calendar\\src\\auth\\index.js","statementMap":{},"fnMap":{},"branchMap":{},"s":{},"f":{},"b":{},"_coverageSchema":"1a1c01bbd47fc00a2c39e90264f33305004495a9","hash":"4f8d68c1f7b9b95246bacf297a5dc40b1b9c1432"}
,"C:\\Users\\sterm\\OneDrive\\Escritorio\\Despliegue\\10-calendar\\src\\auth\\pages\\LoginPage.jsx": {"path":"C:\\Users\\sterm\\OneDrive\\Escritorio\\Despliegue\\10-calendar\\src\\auth\\pages\\LoginPage.jsx","statementMap":{"0":{"start":{"line":7,"column":24},"end":{"line":10,"column":1}},"1":{"start":{"line":12,"column":27},"end":{"line":17,"column":1}},"2":{"start":{"line":19,"column":25},"end":{"line":142,"column":1}},"3":{"start":{"line":21,"column":56},"end":{"line":21,"column":70}},"4":{"start":{"line":23,"column":77},"end":{"line":23,"column":103}},"5":{"start":{"line":24,"column":119},"end":{"line":24,"column":148}},"6":{"start":{"line":26,"column":24},"end":{"line":29,"column":5}},"7":{"start":{"line":27,"column":8},"end":{"line":27,"column":31}},"8":{"start":{"line":28,"column":8},"end":{"line":28,"column":67}},"9":{"start":{"line":31,"column":27},"end":{"line":41,"column":5}},"10":{"start":{"line":32,"column":8},"end":{"line":32,"column":31}},"11":{"start":{"line":33,"column":8},"end":{"line":36,"column":9}},"12":{"start":{"line":34,"column":12},"end":{"line":34,"column":82}},"13":{"start":{"line":35,"column":12},"end":{"line":35,"column":19}},"14":{"start":{"line":38,"column":8},"end":{"line":38,"column":95}},"15":{"start":{"line":43,"column":4},"end":{"line":47,"column":22}},"16":{"start":{"line":44,"column":6},"end":{"line":46,"column":7}},"17":{"start":{"line":45,"column":8},"end":{"line":45,"column":70}},"18":{"start":{"line":50,"column":4},"end":{"line":141,"column":5}}},"fnMap":{"0":{"name":"(anonymous_0)","decl":{"start":{"line":19,"column":25},"end":{"line":19,"column":26}},"loc":{"start":{"line":19,"column":31},"end":{"line":142,"column":1}},"line":19},"1":{"name":"(anonymous_1)","decl":{"start":{"line":26,"column":24},"end":{"line":26,"column":25}},"loc":{"start":{"line":26,"column":37},"end":{"line":29,"column":5}},"line":26},"2":{"name":"(anonymous_2)","decl":{"start":{"line":31,"column":27},"end":{"line":31,"column":28}},"loc":{"start":{"line":31,"column":40},"end":{"line":41,"column":5}},"line":31},"3":{"name":"(anonymous_3)","decl":{"start":{"line":43,"column":14},"end":{"line":43,"column":15}},"loc":{"start":{"line":43,"column":20},"end":{"line":47,"column":5}},"line":43}},"branchMap":{"0":{"loc":{"start":{"line":33,"column":8},"end":{"line":36,"column":9}},"type":"if","locations":[{"start":{"line":33,"column":8},"end":{"line":36,"column":9}},{"start":{},"end":{}}],"line":33},"1":{"loc":{"start":{"line":44,"column":6},"end":{"line":46,"column":7}},"type":"if","locations":[{"start":{"line":44,"column":6},"end":{"line":46,"column":7}},{"start":{},"end":{}}],"line":44}},"s":{"0":1,"1":1,"2":1,"3":2,"4":2,"5":2,"6":2,"7":0,"8":0,"9":2,"10":0,"11":0,"12":0,"13":0,"14":0,"15":2,"16":1,"17":0,"18":2},"f":{"0":2,"1":0,"2":0,"3":1},"b":{"0":[0,0],"1":[0,1]},"_coverageSchema":"1a1c01bbd47fc00a2c39e90264f33305004495a9","hash":"a9b3afb0c4deb6e20c1562c021daca3fdf8ed031"}
,"C:\\Users\\sterm\\OneDrive\\Escritorio\\Despliegue\\10-calendar\\src\\calendar\\components\\FabDelete.jsx": {"path":"C:\\Users\\sterm\\OneDrive\\Escritorio\\Despliegue\\10-calendar\\src\\calendar\\components\\FabDelete.jsx","statementMap":{"0":{"start":{"line":3,"column":25},"end":{"line":20,"column":1}},"1":{"start":{"line":4,"column":53},"end":{"line":4,"column":71}},"2":{"start":{"line":5,"column":25},"end":{"line":7,"column":5}},"3":{"start":{"line":6,"column":7},"end":{"line":6,"column":28}},"4":{"start":{"line":8,"column":4},"end":{"line":19,"column":6}}},"fnMap":{"0":{"name":"(anonymous_0)","decl":{"start":{"line":3,"column":25},"end":{"line":3,"column":26}},"loc":{"start":{"line":3,"column":31},"end":{"line":20,"column":1}},"line":3},"1":{"name":"(anonymous_1)","decl":{"start":{"line":5,"column":25},"end":{"line":5,"column":26}},"loc":{"start":{"line":5,"column":31},"end":{"line":7,"column":5}},"line":5}},"branchMap":{"0":{"loc":{"start":{"line":14,"column":25},"end":{"line":14,"column":55}},"type":"cond-expr","locations":[{"start":{"line":14,"column":44},"end":{"line":14,"column":46}},{"start":{"line":14,"column":49},"end":{"line":14,"column":55}}],"line":14}},"s":{"0":1,"1":3,"2":3,"3":1,"4":3},"f":{"0":3,"1":1},"b":{"0":[2,1]},"_coverageSchema":"1a1c01bbd47fc00a2c39e90264f33305004495a9","hash":"13c8cafed733d7df49fd6ad35a77ae5fad0a0723"}
,"C:\\Users\\sterm\\OneDrive\\Escritorio\\Despliegue\\10-calendar\\src\\helpers\\calendarLocalizer.js": {"path":"C:\\Users\\sterm\\OneDrive\\Escritorio\\Despliegue\\10-calendar\\src\\helpers\\calendarLocalizer.js","statementMap":{"0":{"start":{"line":7,"column":16},"end":{"line":9,"column":1}},"1":{"start":{"line":11,"column":25},"end":{"line":17,"column":2}}},"fnMap":{},"branchMap":{},"s":{"0":7,"1":7},"f":{},"b":{},"_coverageSchema":"1a1c01bbd47fc00a2c39e90264f33305004495a9","hash":"6d684fe7b475b82f85a22ff759a4cd2613d856fc"}
,"C:\\Users\\sterm\\OneDrive\\Escritorio\\Despliegue\\10-calendar\\src\\helpers\\convertEventsToDateEvents.js": {"path":"C:\\Users\\sterm\\OneDrive\\Escritorio\\Despliegue\\10-calendar\\src\\helpers\\convertEventsToDateEvents.js","statementMap":{"0":{"start":{"line":3,"column":41},"end":{"line":11,"column":1}},"1":{"start":{"line":4,"column":4},"end":{"line":10,"column":6}},"2":{"start":{"line":6,"column":8},"end":{"line":6,"column":42}},"3":{"start":{"line":7,"column":8},"end":{"line":7,"column":46}},"4":{"start":{"line":9,"column":8},"end":{"line":9,"column":21}}},"fnMap":{"0":{"name":"(anonymous_0)","decl":{"start":{"line":3,"column":41},"end":{"line":3,"column":42}},"loc":{"start":{"line":3,"column":60},"end":{"line":11,"column":1}},"line":3},"1":{"name":"(anonymous_1)","decl":{"start":{"line":4,"column":23},"end":{"line":4,"column":24}},"loc":{"start":{"line":4,"column":32},"end":{"line":10,"column":5}},"line":4}},"branchMap":{"0":{"loc":{"start":{"line":3,"column":43},"end":{"line":3,"column":54}},"type":"default-arg","locations":[{"start":{"line":3,"column":52},"end":{"line":3,"column":54}}],"line":3}},"s":{"0":7,"1":0,"2":0,"3":0,"4":0},"f":{"0":0,"1":0},"b":{"0":[0]},"_coverageSchema":"1a1c01bbd47fc00a2c39e90264f33305004495a9","hash":"634f5bc6eea6d7577601e85ef24f34185f9e1c6e"}
,"C:\\Users\\sterm\\OneDrive\\Escritorio\\Despliegue\\10-calendar\\src\\helpers\\getMessages.js": {"path":"C:\\Users\\sterm\\OneDrive\\Escritorio\\Despliegue\\10-calendar\\src\\helpers\\getMessages.js","statementMap":{"0":{"start":{"line":1,"column":29},"end":{"line":17,"column":1}},"1":{"start":{"line":2,"column":4},"end":{"line":16,"column":6}},"2":{"start":{"line":15,"column":29},"end":{"line":15,"column":51}}},"fnMap":{"0":{"name":"(anonymous_0)","decl":{"start":{"line":1,"column":29},"end":{"line":1,"column":30}},"loc":{"start":{"line":1,"column":35},"end":{"line":17,"column":1}},"line":1},"1":{"name":"(anonymous_1)","decl":{"start":{"line":15,"column":18},"end":{"line":15,"column":19}},"loc":{"start":{"line":15,"column":29},"end":{"line":15,"column":51}},"line":15}},"branchMap":{},"s":{"0":7,"1":0,"2":0},"f":{"0":0,"1":0},"b":{},"_coverageSchema":"1a1c01bbd47fc00a2c39e90264f33305004495a9","hash":"ee830d720606a001439241a70fea1de72cbb4a02"}
,"C:\\Users\\sterm\\OneDrive\\Escritorio\\Despliegue\\10-calendar\\src\\helpers\\index.js": {"path":"C:\\Users\\sterm\\OneDrive\\Escritorio\\Despliegue\\10-calendar\\src\\helpers\\index.js","statementMap":{},"fnMap":{},"branchMap":{},"s":{},"f":{},"b":{},"_coverageSchema":"1a1c01bbd47fc00a2c39e90264f33305004495a9","hash":"0e27452f8070854254a568254cf36ddcb5ceb412"}
,"C:\\Users\\sterm\\OneDrive\\Escritorio\\Despliegue\\10-calendar\\src\\hooks\\index.js": {"path":"C:\\Users\\sterm\\OneDrive\\Escritorio\\Despliegue\\10-calendar\\src\\hooks\\index.js","statementMap":{},"fnMap":{},"branchMap":{},"s":{},"f":{},"b":{},"_coverageSchema":"1a1c01bbd47fc00a2c39e90264f33305004495a9","hash":"79fe5ab572cd649581ab31190f95afb4426faf30"}
,"C:\\Users\\sterm\\OneDrive\\Escritorio\\Despliegue\\10-calendar\\src\\hooks\\useAuthStore.js": {"path":"C:\\Users\\sterm\\OneDrive\\Escritorio\\Despliegue\\10-calendar\\src\\hooks\\useAuthStore.js","statementMap":{"0":{"start":{"line":7,"column":28},"end":{"line":79,"column":1}},"1":{"start":{"line":8,"column":43},"end":{"line":8,"column":77}},"2":{"start":{"line":8,"column":65},"end":{"line":8,"column":75}},"3":{"start":{"line":9,"column":21},"end":{"line":9,"column":34}},"4":{"start":{"line":11,"column":23},"end":{"line":26,"column":5}},"5":{"start":{"line":13,"column":8},"end":{"line":13,"column":33}},"6":{"start":{"line":15,"column":8},"end":{"line":25,"column":9}},"7":{"start":{"line":16,"column":27},"end":{"line":16,"column":79}},"8":{"start":{"line":17,"column":12},"end":{"line":17,"column":55}},"9":{"start":{"line":18,"column":12},"end":{"line":18,"column":75}},"10":{"start":{"line":20,"column":12},"end":{"line":20,"column":68}},"11":{"start":{"line":24,"column":12},"end":{"line":24,"column":61}},"12":{"start":{"line":28,"column":26},"end":{"line":44,"column":5}},"13":{"start":{"line":29,"column":8},"end":{"line":29,"column":33}},"14":{"start":{"line":30,"column":8},"end":{"line":43,"column":9}},"15":{"start":{"line":32,"column":27},"end":{"line":32,"column":89}},"16":{"start":{"line":33,"column":12},"end":{"line":33,"column":55}},"17":{"start":{"line":34,"column":12},"end":{"line":34,"column":75}},"18":{"start":{"line":36,"column":12},"end":{"line":36,"column":68}},"19":{"start":{"line":42,"column":12},"end":{"line":42,"column":66}},"20":{"start":{"line":46,"column":27},"end":{"line":59,"column":5}},"21":{"start":{"line":47,"column":22},"end":{"line":47,"column":51}},"22":{"start":{"line":48,"column":8},"end":{"line":48,"column":50}},"23":{"start":{"line":48,"column":20},"end":{"line":48,"column":50}},"24":{"start":{"line":50,"column":8},"end":{"line":58,"column":9}},"25":{"start":{"line":51,"column":27},"end":{"line":51,"column":63}},"26":{"start":{"line":52,"column":12},"end":{"line":52,"column":54}},"27":{"start":{"line":53,"column":12},"end":{"line":53,"column":75}},"28":{"start":{"line":54,"column":12},"end":{"line":54,"column":68}},"29":{"start":{"line":56,"column":12},"end":{"line":56,"column":33}},"30":{"start":{"line":57,"column":12},"end":{"line":57,"column":35}},"31":{"start":{"line":61,"column":24},"end":{"line":65,"column":5}},"32":{"start":{"line":62,"column":8},"end":{"line":62,"column":29}},"33":{"start":{"line":63,"column":8},"end":{"line":63,"column":39}},"34":{"start":{"line":64,"column":8},"end":{"line":64,"column":31}},"35":{"start":{"line":67,"column":4},"end":{"line":78,"column":5}}},"fnMap":{"0":{"name":"(anonymous_0)","decl":{"start":{"line":7,"column":28},"end":{"line":7,"column":29}},"loc":{"start":{"line":7,"column":34},"end":{"line":79,"column":1}},"line":7},"1":{"name":"(anonymous_1)","decl":{"start":{"line":8,"column":56},"end":{"line":8,"column":57}},"loc":{"start":{"line":8,"column":65},"end":{"line":8,"column":75}},"line":8},"2":{"name":"(anonymous_2)","decl":{"start":{"line":11,"column":23},"end":{"line":11,"column":24}},"loc":{"start":{"line":11,"column":53},"end":{"line":26,"column":5}},"line":11},"3":{"name":"(anonymous_3)","decl":{"start":{"line":28,"column":26},"end":{"line":28,"column":27}},"loc":{"start":{"line":28,"column":61},"end":{"line":44,"column":5}},"line":28},"4":{"name":"(anonymous_4)","decl":{"start":{"line":46,"column":27},"end":{"line":46,"column":28}},"loc":{"start":{"line":46,"column":38},"end":{"line":59,"column":5}},"line":46},"5":{"name":"(anonymous_5)","decl":{"start":{"line":61,"column":24},"end":{"line":61,"column":25}},"loc":{"start":{"line":61,"column":30},"end":{"line":65,"column":5}},"line":61}},"branchMap":{"0":{"loc":{"start":{"line":42,"column":31},"end":{"line":42,"column":64}},"type":"binary-expr","locations":[{"start":{"line":42,"column":31},"end":{"line":42,"column":55}},{"start":{"line":42,"column":59},"end":{"line":42,"column":64}}],"line":42},"1":{"loc":{"start":{"line":48,"column":8},"end":{"line":48,"column":50}},"type":"if","locations":[{"start":{"line":48,"column":8},"end":{"line":48,"column":50}},{"start":{},"end":{}}],"line":48}},"s":{"0":4,"1":17,"2":34,"3":17,"4":17,"5":2,"6":2,"7":2,"8":1,"9":1,"10":1,"11":1,"12":17,"13":2,"14":2,"15":2,"16":1,"17":1,"18":1,"19":1,"20":17,"21":2,"22":2,"23":1,"24":1,"25":1,"26":1,"27":1,"28":1,"29":0,"30":0,"31":17,"32":0,"33":0,"34":0,"35":17},"f":{"0":17,"1":34,"2":2,"3":2,"4":2,"5":0},"b":{"0":[1,0],"1":[1,1]},"_coverageSchema":"1a1c01bbd47fc00a2c39e90264f33305004495a9","hash":"441677960af1d3f9685b0ff5921676f25251d5b0"}
,"C:\\Users\\sterm\\OneDrive\\Escritorio\\Despliegue\\10-calendar\\src\\hooks\\useCalendarStore.js": {"path":"C:\\Users\\sterm\\OneDrive\\Escritorio\\Despliegue\\10-calendar\\src\\hooks\\useCalendarStore.js","statementMap":{"0":{"start":{"line":13,"column":32},"end":{"line":82,"column":1}},"1":{"start":{"line":14,"column":21},"end":{"line":14,"column":34}},"2":{"start":{"line":15,"column":36},"end":{"line":15,"column":74}},"3":{"start":{"line":15,"column":59},"end":{"line":15,"column":73}},"4":{"start":{"line":16,"column":21},"end":{"line":16,"column":55}},"5":{"start":{"line":16,"column":44},"end":{"line":16,"column":54}},"6":{"start":{"line":18,"column":27},"end":{"line":20,"column":5}},"7":{"start":{"line":19,"column":8},"end":{"line":19,"column":50}},"8":{"start":{"line":22,"column":29},"end":{"line":44,"column":5}},"9":{"start":{"line":23,"column":8},"end":{"line":43,"column":9}},"10":{"start":{"line":24,"column":12},"end":{"line":30,"column":13}},"11":{"start":{"line":26,"column":16},"end":{"line":26,"column":84}},"12":{"start":{"line":27,"column":16},"end":{"line":27,"column":68}},"13":{"start":{"line":29,"column":16},"end":{"line":29,"column":23}},"14":{"start":{"line":32,"column":29},"end":{"line":36,"column":13}},"15":{"start":{"line":37,"column":12},"end":{"line":39,"column":14}},"16":{"start":{"line":41,"column":12},"end":{"line":41,"column":33}},"17":{"start":{"line":42,"column":12},"end":{"line":42,"column":77}},"18":{"start":{"line":46,"column":31},"end":{"line":56,"column":5}},"19":{"start":{"line":48,"column":8},"end":{"line":54,"column":9}},"20":{"start":{"line":49,"column":12},"end":{"line":49,"column":67}},"21":{"start":{"line":50,"column":12},"end":{"line":50,"column":38}},"22":{"start":{"line":52,"column":12},"end":{"line":52,"column":35}},"23":{"start":{"line":53,"column":12},"end":{"line":53,"column":58}},"24":{"start":{"line":58,"column":31},"end":{"line":68,"column":5}},"25":{"start":{"line":59,"column":8},"end":{"line":67,"column":9}},"26":{"start":{"line":60,"column":29},"end":{"line":60,"column":61}},"27":{"start":{"line":61,"column":27},"end":{"line":61,"column":66}},"28":{"start":{"line":62,"column":12},"end":{"line":62,"column":43}},"29":{"start":{"line":63,"column":12},"end":{"line":63,"column":32}},"30":{"start":{"line":65,"column":12},"end":{"line":65,"column":50}},"31":{"start":{"line":66,"column":12},"end":{"line":66,"column":31}},"32":{"start":{"line":70,"column":4},"end":{"line":81,"column":6}}},"fnMap":{"0":{"name":"(anonymous_0)","decl":{"start":{"line":13,"column":32},"end":{"line":13,"column":33}},"loc":{"start":{"line":13,"column":38},"end":{"line":82,"column":1}},"line":13},"1":{"name":"(anonymous_1)","decl":{"start":{"line":15,"column":48},"end":{"line":15,"column":49}},"loc":{"start":{"line":15,"column":59},"end":{"line":15,"column":73}},"line":15},"2":{"name":"(anonymous_2)","decl":{"start":{"line":16,"column":33},"end":{"line":16,"column":34}},"loc":{"start":{"line":16,"column":44},"end":{"line":16,"column":54}},"line":16},"3":{"name":"(anonymous_3)","decl":{"start":{"line":18,"column":27},"end":{"line":18,"column":28}},"loc":{"start":{"line":18,"column":46},"end":{"line":20,"column":5}},"line":18},"4":{"name":"(anonymous_4)","decl":{"start":{"line":22,"column":29},"end":{"line":22,"column":30}},"loc":{"start":{"line":22,"column":54},"end":{"line":44,"column":5}},"line":22},"5":{"name":"(anonymous_5)","decl":{"start":{"line":46,"column":31},"end":{"line":46,"column":32}},"loc":{"start":{"line":46,"column":42},"end":{"line":56,"column":5}},"line":46},"6":{"name":"(anonymous_6)","decl":{"start":{"line":58,"column":31},"end":{"line":58,"column":32}},"loc":{"start":{"line":58,"column":43},"end":{"line":68,"column":5}},"line":58}},"branchMap":{"0":{"loc":{"start":{"line":24,"column":12},"end":{"line":30,"column":13}},"type":"if","locations":[{"start":{"line":24,"column":12},"end":{"line":30,"column":13}},{"start":{},"end":{}}],"line":24}},"s":{"0":3,"1":0,"2":0,"3":0,"4":0,"5":0,"6":0,"7":0,"8":0,"9":0,"10":0,"11":0,"12":0,"13":0,"14":0,"15":0,"16":0,"17":0,"18":0,"19":0,"20":0,"21":0,"22":0,"23":0,"24":0,"25":0,"26":0,"27":0,"28":0,"29":0,"30":0,"31":0,"32":0},"f":{"0":0,"1":0,"2":0,"3":0,"4":0,"5":0,"6":0},"b":{"0":[0,0]},"_coverageSchema":"1a1c01bbd47fc00a2c39e90264f33305004495a9","hash":"196a85f35b767216697434bc1e5c033ede8b0940"}
,"C:\\Users\\sterm\\OneDrive\\Escritorio\\Despliegue\\10-calendar\\src\\hooks\\useForm.js": {"path":"C:\\Users\\sterm\\OneDrive\\Escritorio\\Despliegue\\10-calendar\\src\\hooks\\useForm.js","statementMap":{"0":{"start":{"line":3,"column":23},"end":{"line":63,"column":1}},"1":{"start":{"line":5,"column":40},"end":{"line":5,"column":63}},"2":{"start":{"line":6,"column":50},"end":{"line":6,"column":62}},"3":{"start":{"line":8,"column":4},"end":{"line":10,"column":39}},"4":{"start":{"line":9,"column":8},"end":{"line":9,"column":27}},"5":{"start":{"line":12,"column":4},"end":{"line":14,"column":23}},"6":{"start":{"line":13,"column":8},"end":{"line":13,"column":36}},"7":{"start":{"line":17,"column":24},"end":{"line":24,"column":26}},"8":{"start":{"line":19,"column":8},"end":{"line":21,"column":9}},"9":{"start":{"line":20,"column":12},"end":{"line":20,"column":67}},"10":{"start":{"line":20,"column":54},"end":{"line":20,"column":67}},"11":{"start":{"line":23,"column":8},"end":{"line":23,"column":20}},"12":{"start":{"line":27,"column":26},"end":{"line":33,"column":5}},"13":{"start":{"line":28,"column":32},"end":{"line":28,"column":38}},"14":{"start":{"line":29,"column":8},"end":{"line":32,"column":11}},"15":{"start":{"line":35,"column":24},"end":{"line":37,"column":5}},"16":{"start":{"line":36,"column":8},"end":{"line":36,"column":36}},"17":{"start":{"line":39,"column":29},"end":{"line":50,"column":36}},"18":{"start":{"line":41,"column":34},"end":{"line":41,"column":36}},"19":{"start":{"line":43,"column":8},"end":{"line":47,"column":9}},"20":{"start":{"line":44,"column":41},"end":{"line":44,"column":67}},"21":{"start":{"line":46,"column":12},"end":{"line":46,"column":104}},"22":{"start":{"line":49,"column":8},"end":{"line":49,"column":47}},"23":{"start":{"line":54,"column":4},"end":{"line":62,"column":5}}},"fnMap":{"0":{"name":"(anonymous_0)","decl":{"start":{"line":3,"column":23},"end":{"line":3,"column":24}},"loc":{"start":{"line":3,"column":68},"end":{"line":63,"column":1}},"line":3},"1":{"name":"(anonymous_1)","decl":{"start":{"line":8,"column":14},"end":{"line":8,"column":15}},"loc":{"start":{"line":8,"column":20},"end":{"line":10,"column":5}},"line":8},"2":{"name":"(anonymous_2)","decl":{"start":{"line":12,"column":14},"end":{"line":12,"column":15}},"loc":{"start":{"line":12,"column":20},"end":{"line":14,"column":5}},"line":12},"3":{"name":"(anonymous_3)","decl":{"start":{"line":17,"column":33},"end":{"line":17,"column":34}},"loc":{"start":{"line":17,"column":39},"end":{"line":24,"column":5}},"line":17},"4":{"name":"(anonymous_4)","decl":{"start":{"line":27,"column":26},"end":{"line":27,"column":27}},"loc":{"start":{"line":27,"column":42},"end":{"line":33,"column":5}},"line":27},"5":{"name":"(anonymous_5)","decl":{"start":{"line":35,"column":24},"end":{"line":35,"column":25}},"loc":{"start":{"line":35,"column":30},"end":{"line":37,"column":5}},"line":35},"6":{"name":"(anonymous_6)","decl":{"start":{"line":39,"column":41},"end":{"line":39,"column":42}},"loc":{"start":{"line":39,"column":47},"end":{"line":50,"column":5}},"line":39}},"branchMap":{"0":{"loc":{"start":{"line":3,"column":25},"end":{"line":3,"column":41}},"type":"default-arg","locations":[{"start":{"line":3,"column":39},"end":{"line":3,"column":41}}],"line":3},"1":{"loc":{"start":{"line":3,"column":43},"end":{"line":3,"column":63}},"type":"default-arg","locations":[{"start":{"line":3,"column":61},"end":{"line":3,"column":63}}],"line":3},"2":{"loc":{"start":{"line":20,"column":12},"end":{"line":20,"column":67}},"type":"if","locations":[{"start":{"line":20,"column":12},"end":{"line":20,"column":67}},{"start":{},"end":{}}],"line":20},"3":{"loc":{"start":{"line":46,"column":55},"end":{"line":46,"column":103}},"type":"cond-expr","locations":[{"start":{"line":46,"column":84},"end":{"line":46,"column":88}},{"start":{"line":46,"column":91},"end":{"line":46,"column":103}}],"line":46}},"s":{"0":3,"1":4,"2":4,"3":4,"4":2,"5":4,"6":2,"7":4,"8":4,"9":0,"10":0,"11":4,"12":4,"13":0,"14":0,"15":4,"16":0,"17":4,"18":2,"19":2,"20":0,"21":0,"22":2,"23":4},"f":{"0":4,"1":2,"2":2,"3":4,"4":0,"5":0,"6":2},"b":{"0":[0],"1":[4],"2":[0,0],"3":[0,0]},"_coverageSchema":"1a1c01bbd47fc00a2c39e90264f33305004495a9","hash":"12f76a2cc0a58e19062bfcfe69f71391952b42d1"}
,"C:\\Users\\sterm\\OneDrive\\Escritorio\\Despliegue\\10-calendar\\src\\hooks\\useUiStore.js": {"path":"C:\\Users\\sterm\\OneDrive\\Escritorio\\Despliegue\\10-calendar\\src\\hooks\\useUiStore.js","statementMap":{"0":{"start":{"line":5,"column":26},"end":{"line":36,"column":1}},"1":{"start":{"line":7,"column":21},"end":{"line":7,"column":34}},"2":{"start":{"line":10,"column":8},"end":{"line":10,"column":40}},"3":{"start":{"line":10,"column":30},"end":{"line":10,"column":38}},"4":{"start":{"line":12,"column":26},"end":{"line":14,"column":5}},"5":{"start":{"line":13,"column":8},"end":{"line":13,"column":37}},"6":{"start":{"line":16,"column":27},"end":{"line":18,"column":5}},"7":{"start":{"line":17,"column":8},"end":{"line":17,"column":38}},"8":{"start":{"line":20,"column":28},"end":{"line":24,"column":5}},"9":{"start":{"line":21,"column":8},"end":{"line":23,"column":29}},"10":{"start":{"line":26,"column":4},"end":{"line":35,"column":5}}},"fnMap":{"0":{"name":"(anonymous_0)","decl":{"start":{"line":5,"column":26},"end":{"line":5,"column":27}},"loc":{"start":{"line":5,"column":32},"end":{"line":36,"column":1}},"line":5},"1":{"name":"(anonymous_1)","decl":{"start":{"line":10,"column":21},"end":{"line":10,"column":22}},"loc":{"start":{"line":10,"column":30},"end":{"line":10,"column":38}},"line":10},"2":{"name":"(anonymous_2)","decl":{"start":{"line":12,"column":26},"end":{"line":12,"column":27}},"loc":{"start":{"line":12,"column":32},"end":{"line":14,"column":5}},"line":12},"3":{"name":"(anonymous_3)","decl":{"start":{"line":16,"column":27},"end":{"line":16,"column":28}},"loc":{"start":{"line":16,"column":33},"end":{"line":18,"column":5}},"line":16},"4":{"name":"(anonymous_4)","decl":{"start":{"line":20,"column":28},"end":{"line":20,"column":29}},"loc":{"start":{"line":20,"column":34},"end":{"line":24,"column":5}},"line":20}},"branchMap":{"0":{"loc":{"start":{"line":21,"column":8},"end":{"line":23,"column":29}},"type":"cond-expr","locations":[{"start":{"line":22,"column":14},"end":{"line":22,"column":30}},{"start":{"line":23,"column":14},"end":{"line":23,"column":29}}],"line":21}},"s":{"0":3,"1":8,"2":8,"3":16,"4":8,"5":2,"6":8,"7":2,"8":8,"9":2,"10":8},"f":{"0":8,"1":16,"2":2,"3":2,"4":2},"b":{"0":[1,1]},"_coverageSchema":"1a1c01bbd47fc00a2c39e90264f33305004495a9","hash":"c77e0c15d1ed202ba6546698f70881ce8e65ce5b"}
,"C:\\Users\\sterm\\OneDrive\\Escritorio\\Despliegue\\10-calendar\\src\\router\\AppRouter.jsx": {"path":"C:\\Users\\sterm\\OneDrive\\Escritorio\\Despliegue\\10-calendar\\src\\router\\AppRouter.jsx","statementMap":{"0":{"start":{"line":7,"column":25},"end":{"line":45,"column":1}},"1":{"start":{"line":9,"column":39},"end":{"line":9,"column":53}},"2":{"start":{"line":11,"column":4},"end":{"line":13,"column":24}},"3":{"start":{"line":12,"column":6},"end":{"line":12,"column":23}},"4":{"start":{"line":16,"column":4},"end":{"line":20,"column":5}},"5":{"start":{"line":17,"column":8},"end":{"line":19,"column":9}},"6":{"start":{"line":24,"column":4},"end":{"line":44,"column":6}}},"fnMap":{"0":{"name":"(anonymous_0)","decl":{"start":{"line":7,"column":25},"end":{"line":7,"column":26}},"loc":{"start":{"line":7,"column":31},"end":{"line":45,"column":1}},"line":7},"1":{"name":"(anonymous_1)","decl":{"start":{"line":11,"column":14},"end":{"line":11,"column":15}},"loc":{"start":{"line":11,"column":20},"end":{"line":13,"column":5}},"line":11}},"branchMap":{"0":{"loc":{"start":{"line":16,"column":4},"end":{"line":20,"column":5}},"type":"if","locations":[{"start":{"line":16,"column":4},"end":{"line":20,"column":5}},{"start":{},"end":{}}],"line":16},"1":{"loc":{"start":{"line":27,"column":16},"end":{"line":40,"column":21}},"type":"cond-expr","locations":[{"start":{"line":29,"column":24},"end":{"line":32,"column":27}},{"start":{"line":35,"column":24},"end":{"line":38,"column":27}}],"line":27}},"s":{"0":1,"1":3,"2":3,"3":3,"4":3,"5":1,"6":2},"f":{"0":3,"1":3},"b":{"0":[1,2],"1":[1,1]},"_coverageSchema":"1a1c01bbd47fc00a2c39e90264f33305004495a9","hash":"c7168edacbee37fb8d5630e04aa60cae689acf52"}
,"C:\\Users\\sterm\\OneDrive\\Escritorio\\Despliegue\\10-calendar\\src\\store\\index.js": {"path":"C:\\Users\\sterm\\OneDrive\\Escritorio\\Despliegue\\10-calendar\\src\\store\\index.js","statementMap":{},"fnMap":{},"branchMap":{},"s":{},"f":{},"b":{},"_coverageSchema":"1a1c01bbd47fc00a2c39e90264f33305004495a9","hash":"df8143f24396f2d5e1ad45f520cf0622c7ff46ac"}
,"C:\\Users\\sterm\\OneDrive\\Escritorio\\Despliegue\\10-calendar\\src\\store\\store.js": {"path":"C:\\Users\\sterm\\OneDrive\\Escritorio\\Despliegue\\10-calendar\\src\\store\\store.js","statementMap":{"0":{"start":{"line":5,"column":21},"end":{"line":14,"column":2}},"1":{"start":{"line":11,"column":42},"end":{"line":13,"column":6}}},"fnMap":{"0":{"name":"(anonymous_0)","decl":{"start":{"line":11,"column":16},"end":{"line":11,"column":17}},"loc":{"start":{"line":11,"column":42},"end":{"line":13,"column":6}},"line":11}},"branchMap":{},"s":{"0":6,"1":6},"f":{"0":6},"b":{},"_coverageSchema":"1a1c01bbd47fc00a2c39e90264f33305004495a9","hash":"6a655126dcf7b54c916250d583c9a91d04a3d42c"}
,"C:\\Users\\sterm\\OneDrive\\Escritorio\\Despliegue\\10-calendar\\src\\store\\auth\\authSlice.js": {"path":"C:\\Users\\sterm\\OneDrive\\Escritorio\\Despliegue\\10-calendar\\src\\store\\auth\\authSlice.js","statementMap":{"0":{"start":{"line":3,"column":25},"end":{"line":31,"column":2}},"1":{"start":{"line":12,"column":12},"end":{"line":12,"column":38}},"2":{"start":{"line":13,"column":12},"end":{"line":13,"column":30}},"3":{"start":{"line":14,"column":12},"end":{"line":14,"column":43}},"4":{"start":{"line":17,"column":12},"end":{"line":17,"column":43}},"5":{"start":{"line":18,"column":12},"end":{"line":18,"column":33}},"6":{"start":{"line":19,"column":12},"end":{"line":19,"column":43}},"7":{"start":{"line":22,"column":12},"end":{"line":22,"column":47}},"8":{"start":{"line":23,"column":12},"end":{"line":23,"column":30}},"9":{"start":{"line":24,"column":12},"end":{"line":24,"column":41}},"10":{"start":{"line":27,"column":12},"end":{"line":27,"column":43}},"11":{"start":{"line":36,"column":68},"end":{"line":36,"column":85}}},"fnMap":{"0":{"name":"(anonymous_0)","decl":{"start":{"line":11,"column":20},"end":{"line":11,"column":21}},"loc":{"start":{"line":11,"column":33},"end":{"line":15,"column":9}},"line":11},"1":{"name":"(anonymous_1)","decl":{"start":{"line":16,"column":17},"end":{"line":16,"column":18}},"loc":{"start":{"line":16,"column":43},"end":{"line":20,"column":9}},"line":16},"2":{"name":"(anonymous_2)","decl":{"start":{"line":21,"column":18},"end":{"line":21,"column":19}},"loc":{"start":{"line":21,"column":44},"end":{"line":25,"column":9}},"line":21},"3":{"name":"(anonymous_3)","decl":{"start":{"line":26,"column":27},"end":{"line":26,"column":28}},"loc":{"start":{"line":26,"column":40},"end":{"line":28,"column":9}},"line":26}},"branchMap":{},"s":{"0":7,"1":4,"2":4,"3":4,"4":4,"5":4,"6":4,"7":6,"8":6,"9":6,"10":1,"11":7},"f":{"0":4,"1":4,"2":6,"3":1},"b":{},"_coverageSchema":"1a1c01bbd47fc00a2c39e90264f33305004495a9","hash":"5ca5185c02e060dc7728071a57f6583784ccfe1d"}
,"C:\\Users\\sterm\\OneDrive\\Escritorio\\Despliegue\\10-calendar\\src\\store\\calendar\\calendarSlice.js": {"path":"C:\\Users\\sterm\\OneDrive\\Escritorio\\Despliegue\\10-calendar\\src\\store\\calendar\\calendarSlice.js","statementMap":{"0":{"start":{"line":16,"column":29},"end":{"line":69,"column":2}},"1":{"start":{"line":28,"column":12},"end":{"line":28,"column":40}},"2":{"start":{"line":31,"column":12},"end":{"line":31,"column":39}},"3":{"start":{"line":32,"column":12},"end":{"line":32,"column":37}},"4":{"start":{"line":35,"column":12},"end":{"line":40,"column":15}},"5":{"start":{"line":36,"column":16},"end":{"line":38,"column":17}},"6":{"start":{"line":37,"column":20},"end":{"line":37,"column":35}},"7":{"start":{"line":39,"column":16},"end":{"line":39,"column":29}},"8":{"start":{"line":43,"column":12},"end":{"line":48,"column":13}},"9":{"start":{"line":44,"column":16},"end":{"line":46,"column":18}},"10":{"start":{"line":45,"column":20},"end":{"line":45,"column":53}},"11":{"start":{"line":47,"column":16},"end":{"line":47,"column":41}},"12":{"start":{"line":51,"column":12},"end":{"line":51,"column":42}},"13":{"start":{"line":54,"column":12},"end":{"line":61,"column":15}},"14":{"start":{"line":55,"column":31},"end":{"line":57,"column":17}},"15":{"start":{"line":56,"column":20},"end":{"line":56,"column":43}},"16":{"start":{"line":58,"column":16},"end":{"line":60,"column":17}},"17":{"start":{"line":59,"column":20},"end":{"line":59,"column":45}},"18":{"start":{"line":64,"column":12},"end":{"line":66,"column":37}},"19":{"start":{"line":79,"column":4},"end":{"line":79,"column":25}}},"fnMap":{"0":{"name":"(anonymous_0)","decl":{"start":{"line":27,"column":26},"end":{"line":27,"column":27}},"loc":{"start":{"line":27,"column":50},"end":{"line":29,"column":9}},"line":27},"1":{"name":"(anonymous_1)","decl":{"start":{"line":30,"column":23},"end":{"line":30,"column":24}},"loc":{"start":{"line":30,"column":47},"end":{"line":33,"column":9}},"line":30},"2":{"name":"(anonymous_2)","decl":{"start":{"line":34,"column":23},"end":{"line":34,"column":24}},"loc":{"start":{"line":34,"column":47},"end":{"line":41,"column":9}},"line":34},"3":{"name":"(anonymous_3)","decl":{"start":{"line":35,"column":44},"end":{"line":35,"column":45}},"loc":{"start":{"line":35,"column":55},"end":{"line":40,"column":13}},"line":35},"4":{"name":"(anonymous_4)","decl":{"start":{"line":42,"column":23},"end":{"line":42,"column":24}},"loc":{"start":{"line":42,"column":34},"end":{"line":49,"column":9}},"line":42},"5":{"name":"(anonymous_5)","decl":{"start":{"line":44,"column":51},"end":{"line":44,"column":52}},"loc":{"start":{"line":45,"column":20},"end":{"line":45,"column":53}},"line":45},"6":{"name":"(anonymous_6)","decl":{"start":{"line":50,"column":22},"end":{"line":50,"column":23}},"loc":{"start":{"line":50,"column":51},"end":{"line":62,"column":9}},"line":50},"7":{"name":"(anonymous_7)","decl":{"start":{"line":54,"column":28},"end":{"line":54,"column":29}},"loc":{"start":{"line":54,"column":39},"end":{"line":61,"column":13}},"line":54},"8":{"name":"(anonymous_8)","decl":{"start":{"line":55,"column":49},"end":{"line":55,"column":50}},"loc":{"start":{"line":56,"column":20},"end":{"line":56,"column":43}},"line":56},"9":{"name":"(anonymous_9)","decl":{"start":{"line":63,"column":26},"end":{"line":63,"column":27}},"loc":{"start":{"line":63,"column":37},"end":{"line":67,"column":9}},"line":63}},"branchMap":{"0":{"loc":{"start":{"line":36,"column":16},"end":{"line":38,"column":17}},"type":"if","locations":[{"start":{"line":36,"column":16},"end":{"line":38,"column":17}},{"start":{},"end":{}}],"line":36},"1":{"loc":{"start":{"line":43,"column":12},"end":{"line":48,"column":13}},"type":"if","locations":[{"start":{"line":43,"column":12},"end":{"line":48,"column":13}},{"start":{},"end":{}}],"line":43},"2":{"loc":{"start":{"line":50,"column":32},"end":{"line":50,"column":44}},"type":"default-arg","locations":[{"start":{"line":50,"column":42},"end":{"line":50,"column":44}}],"line":50},"3":{"loc":{"start":{"line":58,"column":16},"end":{"line":60,"column":17}},"type":"if","locations":[{"start":{"line":58,"column":16},"end":{"line":60,"column":17}},{"start":{},"end":{}}],"line":58}},"s":{"0":7,"1":1,"2":1,"3":1,"4":1,"5":2,"6":1,"7":1,"8":1,"9":1,"10":2,"11":1,"12":2,"13":2,"14":4,"15":4,"16":4,"17":2,"18":1,"19":7},"f":{"0":1,"1":1,"2":1,"3":2,"4":1,"5":2,"6":2,"7":4,"8":4,"9":1},"b":{"0":[1,1],"1":[1,0],"2":[0],"3":[2,2]},"_coverageSchema":"1a1c01bbd47fc00a2c39e90264f33305004495a9","hash":"ceee0ed97994b861c861986c1983776228f6f2d8"}
,"C:\\Users\\sterm\\OneDrive\\Escritorio\\Despliegue\\10-calendar\\src\\store\\ui\\uiSlice.js": {"path":"C:\\Users\\sterm\\OneDrive\\Escritorio\\Despliegue\\10-calendar\\src\\store\\ui\\uiSlice.js","statementMap":{"0":{"start":{"line":3,"column":23},"end":{"line":17,"column":2}},"1":{"start":{"line":10,"column":12},"end":{"line":10,"column":41}},"2":{"start":{"line":14,"column":12},"end":{"line":14,"column":42}},"3":{"start":{"line":22,"column":53},"end":{"line":22,"column":68}}},"fnMap":{"0":{"name":"(anonymous_0)","decl":{"start":{"line":9,"column":25},"end":{"line":9,"column":26}},"loc":{"start":{"line":9,"column":38},"end":{"line":11,"column":9}},"line":9},"1":{"name":"(anonymous_1)","decl":{"start":{"line":13,"column":26},"end":{"line":13,"column":27}},"loc":{"start":{"line":13,"column":39},"end":{"line":15,"column":9}},"line":13}},"branchMap":{},"s":{"0":7,"1":3,"2":3,"3":7},"f":{"0":3,"1":3},"b":{},"_coverageSchema":"1a1c01bbd47fc00a2c39e90264f33305004495a9","hash":"849323ddd9abb2c3e73a78f1bf4d80f4c8b33f39"}
,"C:\\Users\\sterm\\OneDrive\\Escritorio\\Despliegue\\10-calendar\\tests\\fixtures\\authStates.js": {"path":"C:\\Users\\sterm\\OneDrive\\Escritorio\\Despliegue\\10-calendar\\tests\\fixtures\\authStates.js","statementMap":{"0":{"start":{"line":1,"column":28},"end":{"line":5,"column":1}},"1":{"start":{"line":7,"column":34},"end":{"line":14,"column":1}},"2":{"start":{"line":16,"column":37},"end":{"line":20,"column":1}}},"fnMap":{},"branchMap":{},"s":{"0":2,"1":2,"2":2},"f":{},"b":{},"_coverageSchema":"1a1c01bbd47fc00a2c39e90264f33305004495a9","hash":"f8dc6553875ed3f97da1efb83f96d6005bd72823"}
,"C:\\Users\\sterm\\OneDrive\\Escritorio\\Despliegue\\10-calendar\\tests\\fixtures\\calendarStates.js": {"path":"C:\\Users\\sterm\\OneDrive\\Escritorio\\Despliegue\\10-calendar\\tests\\fixtures\\calendarStates.js","statementMap":{"0":{"start":{"line":1,"column":22},"end":{"line":16,"column":1}},"1":{"start":{"line":18,"column":28},"end":{"line":22,"column":1}},"2":{"start":{"line":24,"column":39},"end":{"line":28,"column":1}},"3":{"start":{"line":31,"column":44},"end":{"line":35,"column":1}}},"fnMap":{},"branchMap":{},"s":{"0":1,"1":1,"2":1,"3":1},"f":{},"b":{},"_coverageSchema":"1a1c01bbd47fc00a2c39e90264f33305004495a9","hash":"5d99a4eb06693d9fad7fb69b474c9c71f22d5454"}
,"C:\\Users\\sterm\\OneDrive\\Escritorio\\Despliegue\\10-calendar\\tests\\fixtures\\testUser.js": {"path":"C:\\Users\\sterm\\OneDrive\\Escritorio\\Despliegue\\10-calendar\\tests\\fixtures\\testUser.js","statementMap":{"0":{"start":{"line":1,"column":35},"end":{"line":6,"column":1}}},"fnMap":{},"branchMap":{},"s":{"0":2},"f":{},"b":{},"_coverageSchema":"1a1c01bbd47fc00a2c39e90264f33305004495a9","hash":"713db7adc8ce9fc66ade6734d7e3def8dd853ff3"}
,"C:\\Users\\sterm\\OneDrive\\Escritorio\\Despliegue\\10-calendar\\tests\\mocks\\styleMock.js": {"path":"C:\\Users\\sterm\\OneDrive\\Escritorio\\Despliegue\\10-calendar\\tests\\mocks\\styleMock.js","statementMap":{"0":{"start":{"line":1,"column":0},"end":{"line":1,"column":20}}},"fnMap":{},"branchMap":{},"s":{"0":1},"f":{},"b":{},"_coverageSchema":"1a1c01bbd47fc00a2c39e90264f33305004495a9","hash":"0477d2c2e7862129cd9c92fae90fdce69817e8c0"}
}
